<?xml version="1.0" encoding="UTF-8"?>
<testsuite xmlns:xsi="http://www.w3.org/2001/XMLSchema-instance" xsi:noNamespaceSchemaLocation="https://maven.apache.org/surefire/maven-surefire-plugin/xsd/surefire-test-report-3.0.xsd" version="3.0" name="cucumber.Options.TestRunner" time="5.89" tests="2" errors="0" skipped="0" failures="0">
  <properties>
[...]
</properties>
  <testcase name="Verify is place is being sucessfully added using place API" classname="Validation Place API" time="4.093">
    <system-out><![CDATA[/maps/api/place/add/json
/maps/api/place/get/json
]]></system-out>
  </testcase>
  <testcase name="Verify if Delete Place functionality is working" classname="Validation Place API" time="0.564">
    <system-out><![CDATA[/maps/api/place/delete/json
]]></system-out>
  </testcase>
</testsuite>